[main] 2021-07-14 17:49:41 INFO  com.icicibank.main.IciciBankMain  - Welcome to icici banking service app V1.0
[main] 2021-07-14 17:49:41 INFO  com.icicibank.main.IciciBankMain  - ===========================================
[main] 2021-07-14 17:49:41 INFO  com.icicibank.main.IciciBankMain  - 
please select the suitable option below
[main] 2021-07-14 17:49:41 INFO  com.icicibank.main.IciciBankMain  - 1)Login
[main] 2021-07-14 17:49:41 INFO  com.icicibank.main.IciciBankMain  - 2)Register
[main] 2021-07-14 17:49:41 INFO  com.icicibank.main.IciciBankMain  - 3)Exit
[main] 2021-07-14 17:49:41 INFO  com.icicibank.main.IciciBankMain  - enter your choice between 1-3
[main] 2021-07-14 17:49:41 INFO  com.icicibank.main.IciciBankMain  - 
===========================================
[main] 2021-07-14 17:49:41 INFO  com.icicibank.main.IciciBankMain  - NOTE- please register if you are a new customer
[main] 2021-07-14 17:49:41 INFO  com.icicibank.main.IciciBankMain  - #for any queries, feel free to contact @support.icici.com
[main] 2021-07-14 17:50:43 INFO  com.icicibank.main.IciciBankMain  - Welcome to icici banking service app V1.0
[main] 2021-07-14 17:50:43 INFO  com.icicibank.main.IciciBankMain  - ===========================================
[main] 2021-07-14 17:50:43 INFO  com.icicibank.main.IciciBankMain  - 
please select the suitable option below
[main] 2021-07-14 17:50:43 INFO  com.icicibank.main.IciciBankMain  - 1)Login
[main] 2021-07-14 17:50:43 INFO  com.icicibank.main.IciciBankMain  - 2)Register
[main] 2021-07-14 17:50:43 INFO  com.icicibank.main.IciciBankMain  - 3)Exit
[main] 2021-07-14 17:50:43 INFO  com.icicibank.main.IciciBankMain  - enter your choice between 1-3
[main] 2021-07-14 17:50:43 INFO  com.icicibank.main.IciciBankMain  - 
===========================================
[main] 2021-07-14 17:50:43 INFO  com.icicibank.main.IciciBankMain  - NOTE- please register if you are a new customer
[main] 2021-07-14 17:50:43 INFO  com.icicibank.main.IciciBankMain  - #for any queries, feel free to contact @support.icici.com
[main] 2021-07-14 22:38:14 INFO  com.icicibank.main.IciciBankMain  - Welcome to icici banking service app V1.0
[main] 2021-07-14 22:38:14 INFO  com.icicibank.main.IciciBankMain  - ===========================================
[main] 2021-07-14 22:38:14 INFO  com.icicibank.main.IciciBankMain  - 
please select the suitable option below
[main] 2021-07-14 22:38:14 INFO  com.icicibank.main.IciciBankMain  - 1)Login
[main] 2021-07-14 22:38:14 INFO  com.icicibank.main.IciciBankMain  - 2)Register
[main] 2021-07-14 22:38:14 INFO  com.icicibank.main.IciciBankMain  - 3)Exit
[main] 2021-07-14 22:38:14 INFO  com.icicibank.main.IciciBankMain  - enter your choice between 1-3
[main] 2021-07-14 22:38:14 INFO  com.icicibank.main.IciciBankMain  - 
===========================================
[main] 2021-07-14 22:38:14 INFO  com.icicibank.main.IciciBankMain  - NOTE- please register if you are a new customer
[main] 2021-07-14 22:38:14 INFO  com.icicibank.main.IciciBankMain  - #for any queries, feel free to contact @support.icici.com
[main] 2021-07-14 22:38:56 INFO  com.icicibank.main.IciciBankMain  - Hey there please choose from below
[main] 2021-07-14 22:38:56 INFO  com.icicibank.main.IciciBankMain  - ===========================================
[main] 2021-07-14 22:38:56 INFO  com.icicibank.main.IciciBankMain  - 
1)Login as a customer
[main] 2021-07-14 22:38:56 INFO  com.icicibank.main.IciciBankMain  - 2)Login as an employee
[main] 2021-07-14 22:38:56 INFO  com.icicibank.main.IciciBankMain  - 3)Main menu
[main] 2021-07-14 22:39:04 INFO  com.icicibank.main.IciciBankMain  - please enter your registered userID
[main] 2021-07-14 22:39:08 INFO  com.icicibank.main.IciciBankMain  - please enter your password
[main] 2021-07-14 22:39:12 INFO  com.icicibank.main.IciciBankMain  - login successfull
[main] 2021-07-14 22:39:12 INFO  com.icicibank.main.IciciBankMain  - ===========================================
[main] 2021-07-14 22:39:13 INFO  com.icicibank.main.IciciBankMain  - welcome :admin to icici banking service portal
[main] 2021-07-14 22:39:13 INFO  com.icicibank.main.IciciBankMain  - ===========================================
[main] 2021-07-14 22:39:13 INFO  com.icicibank.main.IciciBankMain  - 
please select the suitable option below
[main] 2021-07-14 22:39:13 INFO  com.icicibank.main.IciciBankMain  - 1)all customer details
[main] 2021-07-14 22:39:13 INFO  com.icicibank.main.IciciBankMain  - 2)find customer details by filters
[main] 2021-07-14 22:39:13 INFO  com.icicibank.main.IciciBankMain  - 3)delete customer account
[main] 2021-07-14 22:39:13 INFO  com.icicibank.main.IciciBankMain  - 4)retuen to menu
[main] 2021-07-14 22:39:13 INFO  com.icicibank.main.IciciBankMain  - enter your choice between 1-4
[main] 2021-07-14 22:39:21 INFO  com.icicibank.main.IciciBankMain  - Hey there please choose from below
[main] 2021-07-14 22:39:21 INFO  com.icicibank.main.IciciBankMain  - ===========================================
[main] 2021-07-14 22:39:21 INFO  com.icicibank.main.IciciBankMain  - 
1)Login as a customer
[main] 2021-07-14 22:39:21 INFO  com.icicibank.main.IciciBankMain  - 2)Login as an employee
[main] 2021-07-14 22:39:21 INFO  com.icicibank.main.IciciBankMain  - 3)Main menu
[main] 2021-07-14 22:48:41 INFO  com.icicibank.main.IciciBankMain  - Welcome to icici banking service app V1.0
[main] 2021-07-14 22:48:41 INFO  com.icicibank.main.IciciBankMain  - ===========================================
[main] 2021-07-14 22:48:41 INFO  com.icicibank.main.IciciBankMain  - 
please select the suitable option below
[main] 2021-07-14 22:48:41 INFO  com.icicibank.main.IciciBankMain  - 1)Login
[main] 2021-07-14 22:48:41 INFO  com.icicibank.main.IciciBankMain  - 2)Register
[main] 2021-07-14 22:48:41 INFO  com.icicibank.main.IciciBankMain  - 3)Exit
[main] 2021-07-14 22:48:41 INFO  com.icicibank.main.IciciBankMain  - enter your choice between 1-3
[main] 2021-07-14 22:48:41 INFO  com.icicibank.main.IciciBankMain  - 
===========================================
[main] 2021-07-14 22:48:41 INFO  com.icicibank.main.IciciBankMain  - NOTE- please register if you are a new customer
[main] 2021-07-14 22:48:41 INFO  com.icicibank.main.IciciBankMain  - #for any queries, feel free to contact @support.icici.com
[main] 2021-07-14 22:48:55 INFO  com.icicibank.main.IciciBankMain  - welcome to icici family please enter the following details for registration
[main] 2021-07-14 22:48:55 INFO  com.icicibank.main.IciciBankMain  - ===========================================
[main] 2021-07-14 22:48:55 INFO  com.icicibank.main.IciciBankMain  - please enter your name
[main] 2021-07-14 22:48:59 INFO  com.icicibank.main.IciciBankMain  - please enter your phone number
[main] 2021-07-14 22:49:02 INFO  com.icicibank.main.IciciBankMain  - please enter your password
[main] 2021-07-14 22:49:04 INFO  com.icicibank.main.IciciBankMain  - please confirm your password
[main] 2021-07-14 22:49:07 INFO  com.icicibank.main.IciciBankMain  - account created with following details
[main] 2021-07-14 22:49:07 INFO  com.icicibank.main.IciciBankMain  - name :arjun
[main] 2021-07-14 22:49:07 INFO  com.icicibank.main.IciciBankMain  - user id :10001
[main] 2021-07-14 22:49:07 INFO  com.icicibank.main.IciciBankMain  - phone no. :62622
[main] 2021-07-14 22:49:07 INFO  com.icicibank.main.IciciBankMain  - phone no. :62622
[main] 2021-07-14 22:49:07 INFO  com.icicibank.main.IciciBankMain  - ===========================================
[main] 2021-07-14 22:49:07 INFO  com.icicibank.main.IciciBankMain  - opening bank account
[main] 2021-07-14 22:49:07 INFO  com.icicibank.main.IciciBankMain  - ===========================================
[main] 2021-07-14 22:49:07 INFO  com.icicibank.main.IciciBankMain  - please enter your pan number
[main] 2021-07-14 22:53:30 INFO  com.icicibank.main.IciciBankMain  - Welcome to icici banking service app V1.0
[main] 2021-07-14 22:53:30 INFO  com.icicibank.main.IciciBankMain  - ===========================================
[main] 2021-07-14 22:53:30 INFO  com.icicibank.main.IciciBankMain  - 
please select the suitable option below
[main] 2021-07-14 22:53:30 INFO  com.icicibank.main.IciciBankMain  - 1)Login
[main] 2021-07-14 22:53:30 INFO  com.icicibank.main.IciciBankMain  - 2)Register
[main] 2021-07-14 22:53:30 INFO  com.icicibank.main.IciciBankMain  - 3)Exit
[main] 2021-07-14 22:53:30 INFO  com.icicibank.main.IciciBankMain  - enter your choice between 1-3
[main] 2021-07-14 22:53:30 INFO  com.icicibank.main.IciciBankMain  - 
===========================================
[main] 2021-07-14 22:53:30 INFO  com.icicibank.main.IciciBankMain  - NOTE- please register if you are a new customer
[main] 2021-07-14 22:53:30 INFO  com.icicibank.main.IciciBankMain  - #for any queries, feel free to contact @support.icici.com
[main] 2021-07-14 22:53:55 INFO  com.icicibank.main.IciciBankMain  - welcome to icici family please enter the following details for registration
[main] 2021-07-14 22:53:55 INFO  com.icicibank.main.IciciBankMain  - ===========================================
[main] 2021-07-14 22:53:55 INFO  com.icicibank.main.IciciBankMain  - please enter your name
[main] 2021-07-14 22:53:58 INFO  com.icicibank.main.IciciBankMain  - please enter your phone number
[main] 2021-07-14 22:54:01 INFO  com.icicibank.main.IciciBankMain  - please enter your password
[main] 2021-07-14 22:54:03 INFO  com.icicibank.main.IciciBankMain  - please confirm your password
[main] 2021-07-14 22:54:05 INFO  com.icicibank.main.IciciBankMain  - account created with following details
[main] 2021-07-14 22:54:05 INFO  com.icicibank.main.IciciBankMain  - name :arjun
[main] 2021-07-14 22:54:05 INFO  com.icicibank.main.IciciBankMain  - user id :10002
[main] 2021-07-14 22:54:05 INFO  com.icicibank.main.IciciBankMain  - phone no. :9056403286
[main] 2021-07-14 22:54:05 INFO  com.icicibank.main.IciciBankMain  - phone no. :9056403286
[main] 2021-07-14 22:54:05 INFO  com.icicibank.main.IciciBankMain  - ===========================================
[main] 2021-07-14 22:54:05 INFO  com.icicibank.main.IciciBankMain  - opening bank account
[main] 2021-07-14 22:54:05 INFO  com.icicibank.main.IciciBankMain  - ===========================================
[main] 2021-07-14 22:54:05 INFO  com.icicibank.main.IciciBankMain  - please enter your pan number
[main] 2021-07-14 22:54:26 INFO  com.icicibank.main.IciciBankMain  - please enter your aadhar number
[main] 2021-07-14 22:54:33 INFO  com.icicibank.main.IciciBankMain  - please enter your city
[main] 2021-07-14 22:54:36 INFO  com.icicibank.main.IciciBankMain  - please enter your state
[main] 2021-07-14 22:54:39 INFO  com.icicibank.main.IciciBankMain  - please enter your pincode
[main] 2021-07-14 22:54:42 INFO  com.icicibank.main.IciciBankMain  - please enter opening account balance
[main] 2021-07-14 22:54:45 ERROR com.icicibank.main.IciciBankMain  - choose different user id....user id already exist
[main] 2021-07-14 22:54:45 INFO  com.icicibank.main.IciciBankMain  - Welcome to icici banking service app V1.0
[main] 2021-07-14 22:54:45 INFO  com.icicibank.main.IciciBankMain  - ===========================================
[main] 2021-07-14 22:54:45 INFO  com.icicibank.main.IciciBankMain  - 
please select the suitable option below
[main] 2021-07-14 22:54:45 INFO  com.icicibank.main.IciciBankMain  - 1)Login
[main] 2021-07-14 22:54:45 INFO  com.icicibank.main.IciciBankMain  - 2)Register
[main] 2021-07-14 22:54:45 INFO  com.icicibank.main.IciciBankMain  - 3)Exit
[main] 2021-07-14 22:54:45 INFO  com.icicibank.main.IciciBankMain  - enter your choice between 1-3
[main] 2021-07-14 22:54:45 INFO  com.icicibank.main.IciciBankMain  - 
===========================================
[main] 2021-07-14 22:54:45 INFO  com.icicibank.main.IciciBankMain  - NOTE- please register if you are a new customer
[main] 2021-07-14 22:54:45 INFO  com.icicibank.main.IciciBankMain  - #for any queries, feel free to contact @support.icici.com
[main] 2021-07-14 22:56:00 INFO  com.icicibank.main.IciciBankMain  - Welcome to icici banking service app V1.0
[main] 2021-07-14 22:56:00 INFO  com.icicibank.main.IciciBankMain  - ===========================================
[main] 2021-07-14 22:56:00 INFO  com.icicibank.main.IciciBankMain  - 
please select the suitable option below
[main] 2021-07-14 22:56:00 INFO  com.icicibank.main.IciciBankMain  - 1)Login
[main] 2021-07-14 22:56:00 INFO  com.icicibank.main.IciciBankMain  - 2)Register
[main] 2021-07-14 22:56:00 INFO  com.icicibank.main.IciciBankMain  - 3)Exit
[main] 2021-07-14 22:56:00 INFO  com.icicibank.main.IciciBankMain  - enter your choice between 1-3
[main] 2021-07-14 22:56:00 INFO  com.icicibank.main.IciciBankMain  - 
===========================================
[main] 2021-07-14 22:56:00 INFO  com.icicibank.main.IciciBankMain  - NOTE- please register if you are a new customer
[main] 2021-07-14 22:56:00 INFO  com.icicibank.main.IciciBankMain  - #for any queries, feel free to contact @support.icici.com
[main] 2021-07-14 22:56:25 INFO  com.icicibank.main.IciciBankMain  - welcome to icici family please enter the following details for registration
[main] 2021-07-14 22:56:25 INFO  com.icicibank.main.IciciBankMain  - ===========================================
[main] 2021-07-14 22:56:25 INFO  com.icicibank.main.IciciBankMain  - please enter your name
[main] 2021-07-14 22:56:29 INFO  com.icicibank.main.IciciBankMain  - please enter your phone number
[main] 2021-07-14 22:56:33 INFO  com.icicibank.main.IciciBankMain  - please enter your password
[main] 2021-07-14 22:56:35 INFO  com.icicibank.main.IciciBankMain  - please confirm your password
[main] 2021-07-14 22:56:37 INFO  com.icicibank.main.IciciBankMain  - account created with following details
[main] 2021-07-14 22:56:37 INFO  com.icicibank.main.IciciBankMain  - name :arjun
[main] 2021-07-14 22:56:37 INFO  com.icicibank.main.IciciBankMain  - user id :10001
[main] 2021-07-14 22:56:37 INFO  com.icicibank.main.IciciBankMain  - phone no. :8427683286
[main] 2021-07-14 22:56:37 INFO  com.icicibank.main.IciciBankMain  - phone no. :8427683286
[main] 2021-07-14 22:56:37 INFO  com.icicibank.main.IciciBankMain  - ===========================================
[main] 2021-07-14 22:56:37 INFO  com.icicibank.main.IciciBankMain  - opening bank account
[main] 2021-07-14 22:56:37 INFO  com.icicibank.main.IciciBankMain  - ===========================================
[main] 2021-07-14 22:56:37 INFO  com.icicibank.main.IciciBankMain  - please enter your pan number
[main] 2021-07-14 22:56:48 INFO  com.icicibank.main.IciciBankMain  - please enter your aadhar number
[main] 2021-07-14 22:56:53 INFO  com.icicibank.main.IciciBankMain  - please enter your city
[main] 2021-07-14 22:56:59 INFO  com.icicibank.main.IciciBankMain  - please enter your state
[main] 2021-07-14 22:57:02 INFO  com.icicibank.main.IciciBankMain  - please enter your pincode
[main] 2021-07-14 22:57:05 INFO  com.icicibank.main.IciciBankMain  - please enter opening account balance
[main] 2021-07-14 22:57:08 ERROR com.icicibank.main.IciciBankMain  - choose different user id....user id already exist
[main] 2021-07-14 22:57:08 INFO  com.icicibank.main.IciciBankMain  - Welcome to icici banking service app V1.0
[main] 2021-07-14 22:57:08 INFO  com.icicibank.main.IciciBankMain  - ===========================================
[main] 2021-07-14 22:57:08 INFO  com.icicibank.main.IciciBankMain  - 
please select the suitable option below
[main] 2021-07-14 22:57:08 INFO  com.icicibank.main.IciciBankMain  - 1)Login
[main] 2021-07-14 22:57:08 INFO  com.icicibank.main.IciciBankMain  - 2)Register
[main] 2021-07-14 22:57:08 INFO  com.icicibank.main.IciciBankMain  - 3)Exit
[main] 2021-07-14 22:57:08 INFO  com.icicibank.main.IciciBankMain  - enter your choice between 1-3
[main] 2021-07-14 22:57:08 INFO  com.icicibank.main.IciciBankMain  - 
===========================================
[main] 2021-07-14 22:57:08 INFO  com.icicibank.main.IciciBankMain  - NOTE- please register if you are a new customer
[main] 2021-07-14 22:57:08 INFO  com.icicibank.main.IciciBankMain  - #for any queries, feel free to contact @support.icici.com
[main] 2021-07-14 22:59:12 INFO  com.icicibank.main.IciciBankMain  - Welcome to icici banking service app V1.0
[main] 2021-07-14 22:59:12 INFO  com.icicibank.main.IciciBankMain  - ===========================================
[main] 2021-07-14 22:59:12 INFO  com.icicibank.main.IciciBankMain  - 
please select the suitable option below
[main] 2021-07-14 22:59:12 INFO  com.icicibank.main.IciciBankMain  - 1)Login
[main] 2021-07-14 22:59:12 INFO  com.icicibank.main.IciciBankMain  - 2)Register
[main] 2021-07-14 22:59:12 INFO  com.icicibank.main.IciciBankMain  - 3)Exit
[main] 2021-07-14 22:59:12 INFO  com.icicibank.main.IciciBankMain  - enter your choice between 1-3
[main] 2021-07-14 22:59:12 INFO  com.icicibank.main.IciciBankMain  - 
===========================================
[main] 2021-07-14 22:59:12 INFO  com.icicibank.main.IciciBankMain  - NOTE- please register if you are a new customer
[main] 2021-07-14 22:59:12 INFO  com.icicibank.main.IciciBankMain  - #for any queries, feel free to contact @support.icici.com
